2023-12-19 00:12:633 INFO  HomePage :70 - Mouse hover on “Desktops” Tab and click [[ChromeDriver: chrome on windows (bddc3e91000603963ed78ed6caf968ba)] -> link text: Desktops]
2023-12-19 00:12:399 INFO  HomePage :70 - Mouse hover on “Desktops” Tab and click [[ChromeDriver: chrome on windows (9988edf6830208100b23167de6a42e3a)] -> link text: Desktops]
2023-12-19 00:12:347 INFO  HomePage :76 - Mouse hover on “Laptops & Notebooks” Tab and click [[ChromeDriver: chrome on windows (c1de53d6c67b3fb37c90d92f24f229ff)] -> link text: Laptops & Notebooks]
2023-12-19 00:12:209 INFO  HomePage :76 - Mouse hover on “Laptops & Notebooks” Tab and click [[ChromeDriver: chrome on windows (6b01d7bab32be2f08db40e0b7a4bdd2f)] -> link text: Laptops & Notebooks]
2023-12-19 00:12:636 INFO  HomePage :70 - Mouse hover on “Desktops” Tab and click [[ChromeDriver: chrome on windows (23c9975f51466bdadbb5e905c9ef1588)] -> link text: Desktops]
2023-12-19 00:12:934 INFO  HomePage :70 - Mouse hover on “Desktops” Tab and click [[ChromeDriver: chrome on windows (0de7dd2ff5e376e47928ac176a3f42d8)] -> link text: Desktops]
2023-12-19 00:12:802 INFO  HomePage :76 - Mouse hover on “Laptops & Notebooks” Tab and click [[ChromeDriver: chrome on windows (4bc9b65bf67df7ee80dd41a587a74a25)] -> link text: Laptops & Notebooks]
2023-12-19 00:12:26 INFO  HomePage :76 - Mouse hover on “Laptops & Notebooks” Tab and click [[ChromeDriver: chrome on windows (5614b4b31908ee66d5c43473a96cea31)] -> link text: Laptops & Notebooks]
2023-12-19 01:12:604 INFO  HomePage :70 - Mouse hover on “Desktops” Tab and click [[ChromeDriver: chrome on windows (d28032389660438f8fb29a111c8b597d)] -> link text: Desktops]
2023-12-19 01:12:667 INFO  HomePage :64 - Click Show All Desktops from homepage Top menu  []
2023-12-19 01:12:700 INFO  DesktopPage :35 - Verify the text ‘Desktops’[[ChromeDriver: chrome on windows (d28032389660438f8fb29a111c8b597d)] -> xpath: //h2[contains(text(),'Desktops')]]
2023-12-19 01:12:891 INFO  HomePage :76 - Mouse hover on “Laptops & Notebooks” Tab and click [[ChromeDriver: chrome on windows (400a86a07fad74c9d18a69093a122fb1)] -> link text: Laptops & Notebooks]
2023-12-19 01:12:929 INFO  HomePage :64 - Click Show All Laptops & Notebooks from homepage Top menu  []
2023-12-19 01:12:959 INFO  LaptopAndNotebookPage :35 - Verify the text ‘Laptops & Notebooks’ [[ChromeDriver: chrome on windows (400a86a07fad74c9d18a69093a122fb1)] -> xpath: //h2[contains(text(),'Laptops & Notebooks')]]
2023-12-19 01:12:84 INFO  HomePage :82 -  Mouse hover on “Components” Tab and click [[ChromeDriver: chrome on windows (a4be7f922c5a5a7954e8821d57a2158d)] -> link text: Components]
2023-12-19 01:12:141 INFO  HomePage :64 - Click Show All Components from homepage Top menu  []
2023-12-19 01:12:159 INFO  ComponentsPage :18 - Verify the text ‘Components’ [[ChromeDriver: chrome on windows (a4be7f922c5a5a7954e8821d57a2158d)] -> xpath: //h2[contains(text(),'Components')]]
2023-12-19 12:12:58 INFO  HomePage :94 - Hovering mouse and clicking on Desktops tab : [[ChromeDriver: chrome on windows (c56a30dab7a47af4ebef04b2b85c7b71)] -> xpath: //a[@class='dropdown-toggle'][normalize-space()='Desktops']]
2023-12-19 12:12:163 INFO  HomePage :78 - Hovering mouse and Clicking on show all desktops : [[ChromeDriver: chrome on windows (c56a30dab7a47af4ebef04b2b85c7b71)] -> xpath: //a[normalize-space()='Show AllDesktops']]
2023-12-19 12:12:323 INFO  DesktopPage :43 - Clicking on sort by  option tab : [[ChromeDriver: chrome on windows (c56a30dab7a47af4ebef04b2b85c7b71)] -> id: input-sort]
2023-12-19 12:12:918 INFO  DesktopPage :48 - Selecting sort by (A to Z) option : [[ChromeDriver: chrome on windows (c56a30dab7a47af4ebef04b2b85c7b71)] -> id: input-sort]
2023-12-19 12:12:834 INFO  HomePage :70 - Clicking on currency selector : [[ChromeDriver: chrome on windows (4f6f3827e885b6fc8986d5a8747b2519)] -> xpath: //span[normalize-space()='Currency']]
2023-12-19 12:12:672 INFO  HomePage :72 - Clicking on currency GBP : [[ChromeDriver: chrome on windows (4f6f3827e885b6fc8986d5a8747b2519)] -> xpath: //button[normalize-space()='£Pound Sterling']]
2023-12-19 12:12:954 INFO  HomePage :94 - Hovering mouse and clicking on Desktops tab : [[ChromeDriver: chrome on windows (4f6f3827e885b6fc8986d5a8747b2519)] -> xpath: //a[@class='dropdown-toggle'][normalize-space()='Desktops']]
2023-12-19 12:12:571 INFO  HomePage :78 - Hovering mouse and Clicking on show all desktops : [[ChromeDriver: chrome on windows (4f6f3827e885b6fc8986d5a8747b2519)] -> xpath: //a[normalize-space()='Show AllDesktops']]
2023-12-19 12:12:840 INFO  DesktopPage :43 - Clicking on sort by  option tab : [[ChromeDriver: chrome on windows (4f6f3827e885b6fc8986d5a8747b2519)] -> id: input-sort]
2023-12-19 12:12:635 INFO  DesktopPage :48 - Selecting sort by (A to Z) option : [[ChromeDriver: chrome on windows (4f6f3827e885b6fc8986d5a8747b2519)] -> id: input-sort]
2023-12-19 12:12:977 INFO  DesktopPage :98 - List Of Product : [[ChromeDriver: chrome on windows (4f6f3827e885b6fc8986d5a8747b2519)] -> xpath: //h4/a]
2023-12-19 12:12:37 INFO  ProductPage :55 - Verify Product name : [[ChromeDriver: chrome on windows (4f6f3827e885b6fc8986d5a8747b2519)] -> css selector: div[id='content'] h1]
2023-12-19 12:12:647 INFO  ShoppingCartPage :51 - Checking for shopping cart text : [[ChromeDriver: chrome on windows (4f6f3827e885b6fc8986d5a8747b2519)] -> xpath: //div[@id='content']//h1]
2023-12-19 12:12:820 INFO  ShoppingCartPage :56 - Getting product name text in shopping cart : [[ChromeDriver: chrome on windows (4f6f3827e885b6fc8986d5a8747b2519)] -> xpath: //div[@class = 'table-responsive']/table/tbody/tr/td[2]/a]
2023-12-19 12:12:920 INFO  ShoppingCartPage :66 - Getting model details in shopping cart : [[ChromeDriver: chrome on windows (4f6f3827e885b6fc8986d5a8747b2519)] -> xpath: //div[@class = 'table-responsive']/table/tbody/tr/td[3]]
2023-12-19 12:12:05 INFO  ShoppingCartPage :71 - Getting total amount in shopping cart : [[ChromeDriver: chrome on windows (4f6f3827e885b6fc8986d5a8747b2519)] -> xpath: //div[@class = 'table-responsive']/table/tbody/tr/td[6]]
2023-12-19 12:12:228 INFO  HomePage :70 - Clicking on currency selector : [[ChromeDriver: chrome on windows (9082cd8f7ee57d31207042ea483a66ee)] -> xpath: //span[normalize-space()='Currency']]
2023-12-19 12:12:891 INFO  HomePage :72 - Clicking on currency GBP : [[ChromeDriver: chrome on windows (9082cd8f7ee57d31207042ea483a66ee)] -> xpath: //button[normalize-space()='£Pound Sterling']]
2023-12-19 12:12:432 INFO  HomePage :94 - Hovering mouse and clicking on Desktops tab : [[ChromeDriver: chrome on windows (9082cd8f7ee57d31207042ea483a66ee)] -> xpath: //a[@class='dropdown-toggle'][normalize-space()='Desktops']]
2023-12-19 12:12:766 INFO  HomePage :78 - Hovering mouse and Clicking on show all desktops : [[ChromeDriver: chrome on windows (9082cd8f7ee57d31207042ea483a66ee)] -> xpath: //a[normalize-space()='Show AllDesktops']]
2023-12-19 12:12:76 INFO  DesktopPage :43 - Clicking on sort by  option tab : [[ChromeDriver: chrome on windows (9082cd8f7ee57d31207042ea483a66ee)] -> id: input-sort]
2023-12-19 12:12:07 INFO  DesktopPage :48 - Selecting sort by (A to Z) option : [[ChromeDriver: chrome on windows (9082cd8f7ee57d31207042ea483a66ee)] -> id: input-sort]
2023-12-19 12:12:508 INFO  DesktopPage :98 - List Of Product : [[ChromeDriver: chrome on windows (9082cd8f7ee57d31207042ea483a66ee)] -> xpath: //h4/a]
2023-12-19 12:12:653 INFO  ProductPage :55 - Verify Product name : [[ChromeDriver: chrome on windows (9082cd8f7ee57d31207042ea483a66ee)] -> css selector: div[id='content'] h1]
2023-12-19 12:12:341 INFO  ShoppingCartPage :51 - Checking for shopping cart text : [[ChromeDriver: chrome on windows (9082cd8f7ee57d31207042ea483a66ee)] -> xpath: //div[@id='content']//h1]
2023-12-19 12:12:494 INFO  ShoppingCartPage :56 - Getting product name text in shopping cart : [[ChromeDriver: chrome on windows (9082cd8f7ee57d31207042ea483a66ee)] -> xpath: //div[@class = 'table-responsive']/table/tbody/tr/td[2]/a]
2023-12-19 12:12:570 INFO  ShoppingCartPage :66 - Getting model details in shopping cart : [[ChromeDriver: chrome on windows (9082cd8f7ee57d31207042ea483a66ee)] -> xpath: //div[@class = 'table-responsive']/table/tbody/tr/td[3]]
2023-12-19 12:12:635 INFO  ShoppingCartPage :71 - Getting total amount in shopping cart : [[ChromeDriver: chrome on windows (9082cd8f7ee57d31207042ea483a66ee)] -> xpath: //div[@class = 'table-responsive']/table/tbody/tr/td[6]]
2023-12-19 12:12:118 INFO  HomePage :70 - Clicking on currency selector : [[ChromeDriver: chrome on windows (025ab8f7c73ec28ddf14fd56ef9d19ba)] -> xpath: //span[normalize-space()='Currency']]
2023-12-19 12:12:768 INFO  HomePage :72 - Clicking on currency GBP : [[ChromeDriver: chrome on windows (025ab8f7c73ec28ddf14fd56ef9d19ba)] -> xpath: //button[normalize-space()='£Pound Sterling']]
2023-12-19 12:12:332 INFO  HomePage :94 - Hovering mouse and clicking on Desktops tab : [[ChromeDriver: chrome on windows (025ab8f7c73ec28ddf14fd56ef9d19ba)] -> xpath: //a[@class='dropdown-toggle'][normalize-space()='Desktops']]
2023-12-19 12:12:629 INFO  HomePage :78 - Hovering mouse and Clicking on show all desktops : [[ChromeDriver: chrome on windows (025ab8f7c73ec28ddf14fd56ef9d19ba)] -> xpath: //a[normalize-space()='Show AllDesktops']]
2023-12-19 12:12:763 INFO  DesktopPage :43 - Clicking on sort by  option tab : [[ChromeDriver: chrome on windows (025ab8f7c73ec28ddf14fd56ef9d19ba)] -> id: input-sort]
2023-12-19 12:12:275 INFO  DesktopPage :48 - Selecting sort by (A to Z) option : [[ChromeDriver: chrome on windows (025ab8f7c73ec28ddf14fd56ef9d19ba)] -> id: input-sort]
2023-12-19 12:12:263 INFO  DesktopPage :98 - List Of Product : [[ChromeDriver: chrome on windows (025ab8f7c73ec28ddf14fd56ef9d19ba)] -> xpath: //h4/a]
2023-12-19 12:12:287 INFO  ProductPage :55 - Verify Product name : [[ChromeDriver: chrome on windows (025ab8f7c73ec28ddf14fd56ef9d19ba)] -> css selector: div[id='content'] h1]
2023-12-19 12:12:213 INFO  ShoppingCartPage :51 - Checking for shopping cart text : [[ChromeDriver: chrome on windows (025ab8f7c73ec28ddf14fd56ef9d19ba)] -> xpath: //div[@id='content']//h1]
2023-12-19 12:12:240 INFO  ShoppingCartPage :56 - Getting product name text in shopping cart : [[ChromeDriver: chrome on windows (025ab8f7c73ec28ddf14fd56ef9d19ba)] -> xpath: //div[@class = 'table-responsive']/table/tbody/tr/td[2]/a]
2023-12-19 12:12:275 INFO  ShoppingCartPage :66 - Getting model details in shopping cart : [[ChromeDriver: chrome on windows (025ab8f7c73ec28ddf14fd56ef9d19ba)] -> xpath: //div[@class = 'table-responsive']/table/tbody/tr/td[3]]
2023-12-19 12:12:307 INFO  ShoppingCartPage :71 - Getting total amount in shopping cart : [[ChromeDriver: chrome on windows (025ab8f7c73ec28ddf14fd56ef9d19ba)] -> xpath: //div[@class = 'table-responsive']/table/tbody/tr/td[6]]
2023-12-19 12:12:208 INFO  HomePage :70 - Clicking on currency selector : [[ChromeDriver: chrome on windows (8132b4e5164d782f29065102db9a64b7)] -> xpath: //span[normalize-space()='Currency']]
2023-12-19 12:12:357 INFO  HomePage :72 - Clicking on currency GBP : [[ChromeDriver: chrome on windows (8132b4e5164d782f29065102db9a64b7)] -> xpath: //button[normalize-space()='£Pound Sterling']]
2023-12-19 12:12:513 INFO  HomePage :94 - Hovering mouse and clicking on Desktops tab : [[ChromeDriver: chrome on windows (8132b4e5164d782f29065102db9a64b7)] -> xpath: //a[@class='dropdown-toggle'][normalize-space()='Desktops']]
2023-12-19 12:12:531 INFO  HomePage :78 - Hovering mouse and Clicking on show all desktops : [[ChromeDriver: chrome on windows (8132b4e5164d782f29065102db9a64b7)] -> xpath: //a[normalize-space()='Show AllDesktops']]
2023-12-19 12:12:631 INFO  DesktopPage :43 - Clicking on sort by  option tab : [[ChromeDriver: chrome on windows (8132b4e5164d782f29065102db9a64b7)] -> id: input-sort]
2023-12-19 12:12:76 INFO  DesktopPage :48 - Selecting sort by (A to Z) option : [[ChromeDriver: chrome on windows (8132b4e5164d782f29065102db9a64b7)] -> id: input-sort]
2023-12-19 12:12:67 INFO  DesktopPage :98 - List Of Product : [[ChromeDriver: chrome on windows (8132b4e5164d782f29065102db9a64b7)] -> xpath: //h4/a]
2023-12-19 12:12:89 INFO  ProductPage :55 - Verify Product name : [[ChromeDriver: chrome on windows (8132b4e5164d782f29065102db9a64b7)] -> css selector: div[id='content'] h1]
2023-12-19 12:12:957 INFO  ShoppingCartPage :51 - Checking for shopping cart text : [[ChromeDriver: chrome on windows (8132b4e5164d782f29065102db9a64b7)] -> xpath: //div[@id='content']//h1]
2023-12-19 12:12:996 INFO  ShoppingCartPage :56 - Getting product name text in shopping cart : [[ChromeDriver: chrome on windows (8132b4e5164d782f29065102db9a64b7)] -> xpath: //div[@class = 'table-responsive']/table/tbody/tr/td[2]/a]
2023-12-19 12:12:31 INFO  ShoppingCartPage :66 - Getting model details in shopping cart : [[ChromeDriver: chrome on windows (8132b4e5164d782f29065102db9a64b7)] -> xpath: //div[@class = 'table-responsive']/table/tbody/tr/td[3]]
2023-12-19 12:12:68 INFO  ShoppingCartPage :71 - Getting total amount in shopping cart : [[ChromeDriver: chrome on windows (8132b4e5164d782f29065102db9a64b7)] -> xpath: //div[@class = 'table-responsive']/table/tbody/tr/td[6]]
2023-12-19 12:12:858 INFO  HomePage :70 - Clicking on currency selector : [[ChromeDriver: chrome on windows (bd1d80f49599403e3c696821edfff774)] -> xpath: //span[normalize-space()='Currency']]
2023-12-19 12:12:402 INFO  HomePage :72 - Clicking on currency GBP : [[ChromeDriver: chrome on windows (bd1d80f49599403e3c696821edfff774)] -> xpath: //button[normalize-space()='£Pound Sterling']]
2023-12-19 12:12:628 INFO  HomePage :94 - Hovering mouse and clicking on Desktops tab : [[ChromeDriver: chrome on windows (bd1d80f49599403e3c696821edfff774)] -> xpath: //a[@class='dropdown-toggle'][normalize-space()='Desktops']]
2023-12-19 12:12:681 INFO  HomePage :78 - Hovering mouse and Clicking on show all desktops : [[ChromeDriver: chrome on windows (bd1d80f49599403e3c696821edfff774)] -> xpath: //a[normalize-space()='Show AllDesktops']]
2023-12-19 12:12:752 INFO  DesktopPage :43 - Clicking on sort by  option tab : [[ChromeDriver: chrome on windows (bd1d80f49599403e3c696821edfff774)] -> id: input-sort]
2023-12-19 12:12:200 INFO  DesktopPage :48 - Selecting sort by (A to Z) option : [[ChromeDriver: chrome on windows (bd1d80f49599403e3c696821edfff774)] -> id: input-sort]
2023-12-19 12:12:309 INFO  DesktopPage :98 - List Of Product : [[ChromeDriver: chrome on windows (bd1d80f49599403e3c696821edfff774)] -> xpath: //h4/a]
2023-12-19 12:12:333 INFO  ProductPage :55 - Verify Product name : [[ChromeDriver: chrome on windows (bd1d80f49599403e3c696821edfff774)] -> css selector: div[id='content'] h1]
2023-12-19 12:12:323 INFO  ShoppingCartPage :51 - Checking for shopping cart text : [[ChromeDriver: chrome on windows (bd1d80f49599403e3c696821edfff774)] -> xpath: //div[@id='content']//h1]
2023-12-19 12:12:356 INFO  ShoppingCartPage :56 - Getting product name text in shopping cart : [[ChromeDriver: chrome on windows (bd1d80f49599403e3c696821edfff774)] -> xpath: //div[@class = 'table-responsive']/table/tbody/tr/td[2]/a]
2023-12-19 12:12:386 INFO  ShoppingCartPage :66 - Getting model details in shopping cart : [[ChromeDriver: chrome on windows (bd1d80f49599403e3c696821edfff774)] -> xpath: //div[@class = 'table-responsive']/table/tbody/tr/td[3]]
2023-12-19 12:12:416 INFO  ShoppingCartPage :71 - Getting total amount in shopping cart : [[ChromeDriver: chrome on windows (bd1d80f49599403e3c696821edfff774)] -> xpath: //div[@class = 'table-responsive']/table/tbody/tr/td[6]]
2023-12-19 12:12:739 INFO  HomePage :70 - Clicking on currency selector : [[ChromeDriver: chrome on windows (896f4987231278f0fe3e17bcbf7281ad)] -> xpath: //span[normalize-space()='Currency']]
2023-12-19 12:12:305 INFO  HomePage :72 - Clicking on currency GBP : [[ChromeDriver: chrome on windows (896f4987231278f0fe3e17bcbf7281ad)] -> xpath: //button[normalize-space()='£Pound Sterling']]
2023-12-19 12:12:474 INFO  HomePage :94 - Hovering mouse and clicking on Desktops tab : [[ChromeDriver: chrome on windows (896f4987231278f0fe3e17bcbf7281ad)] -> xpath: //a[@class='dropdown-toggle'][normalize-space()='Desktops']]
2023-12-19 12:12:306 INFO  HomePage :78 - Hovering mouse and Clicking on show all desktops : [[ChromeDriver: chrome on windows (896f4987231278f0fe3e17bcbf7281ad)] -> xpath: //a[normalize-space()='Show AllDesktops']]
2023-12-19 12:12:379 INFO  DesktopPage :43 - Clicking on sort by  option tab : [[ChromeDriver: chrome on windows (896f4987231278f0fe3e17bcbf7281ad)] -> id: input-sort]
2023-12-19 12:12:435 INFO  DesktopPage :48 - Selecting sort by (A to Z) option : [[ChromeDriver: chrome on windows (896f4987231278f0fe3e17bcbf7281ad)] -> id: input-sort]
2023-12-19 12:12:941 INFO  DesktopPage :98 - List Of Product : [[ChromeDriver: chrome on windows (896f4987231278f0fe3e17bcbf7281ad)] -> xpath: //h4/a]
2023-12-19 12:12:966 INFO  ProductPage :55 - Verify Product name : [[ChromeDriver: chrome on windows (896f4987231278f0fe3e17bcbf7281ad)] -> css selector: div[id='content'] h1]
2023-12-19 12:12:899 INFO  ShoppingCartPage :51 - Checking for shopping cart text : [[ChromeDriver: chrome on windows (896f4987231278f0fe3e17bcbf7281ad)] -> xpath: //div[@id='content']//h1]
2023-12-19 12:12:942 INFO  ShoppingCartPage :56 - Getting product name text in shopping cart : [[ChromeDriver: chrome on windows (896f4987231278f0fe3e17bcbf7281ad)] -> xpath: //div[@class = 'table-responsive']/table/tbody/tr/td[2]/a]
2023-12-19 12:12:982 INFO  ShoppingCartPage :66 - Getting model details in shopping cart : [[ChromeDriver: chrome on windows (896f4987231278f0fe3e17bcbf7281ad)] -> xpath: //div[@class = 'table-responsive']/table/tbody/tr/td[3]]
2023-12-19 12:12:17 INFO  ShoppingCartPage :71 - Getting total amount in shopping cart : [[ChromeDriver: chrome on windows (896f4987231278f0fe3e17bcbf7281ad)] -> xpath: //div[@class = 'table-responsive']/table/tbody/tr/td[6]]
2023-12-19 12:12:443 INFO  HomePage :99 - Hovering mouse and clicking on Laptops and Notebooks tab : [[ChromeDriver: chrome on windows (c5b29c44c034a1c3a5097526ffcbe4c4)] -> xpath: //a[normalize-space()='Laptops & Notebooks']]
2023-12-19 12:12:89 INFO  HomePage :82 - Hovering mouse and Clicking on show all Laptops and Notebooks : [[ChromeDriver: chrome on windows (c5b29c44c034a1c3a5097526ffcbe4c4)] -> xpath: //a[normalize-space()='Show AllLaptops & Notebooks']]
2023-12-19 12:12:218 INFO  LaptopAndNoteBookPage :54 - Clicking on SortBy filter drop down : [[ChromeDriver: chrome on windows (c5b29c44c034a1c3a5097526ffcbe4c4)] -> id: input-sort]
2023-12-19 12:12:656 INFO  LaptopAndNoteBookPage :58 - Selecting sort by Price(High>Low) option : [[ChromeDriver: chrome on windows (c5b29c44c034a1c3a5097526ffcbe4c4)] -> id: input-sort]
2023-12-19 12:12:738 INFO  LaptopAndNoteBookPage :68 - Taking actual sorted product prices : [[[ChromeDriver: chrome on windows (c5b29c44c034a1c3a5097526ffcbe4c4)] -> xpath: //p[@class ='price']], [[ChromeDriver: chrome on windows (c5b29c44c034a1c3a5097526ffcbe4c4)] -> xpath: //p[@class ='price']], [[ChromeDriver: chrome on windows (c5b29c44c034a1c3a5097526ffcbe4c4)] -> xpath: //p[@class ='price']], [[ChromeDriver: chrome on windows (c5b29c44c034a1c3a5097526ffcbe4c4)] -> xpath: //p[@class ='price']], [[ChromeDriver: chrome on windows (c5b29c44c034a1c3a5097526ffcbe4c4)] -> xpath: //p[@class ='price']]]
2023-12-19 12:12:781 INFO  LaptopAndNoteBookPage :81 - Taking the prices and sorting is by collection.sort : [[[ChromeDriver: chrome on windows (c5b29c44c034a1c3a5097526ffcbe4c4)] -> xpath: //p[@class ='price']], [[ChromeDriver: chrome on windows (c5b29c44c034a1c3a5097526ffcbe4c4)] -> xpath: //p[@class ='price']], [[ChromeDriver: chrome on windows (c5b29c44c034a1c3a5097526ffcbe4c4)] -> xpath: //p[@class ='price']], [[ChromeDriver: chrome on windows (c5b29c44c034a1c3a5097526ffcbe4c4)] -> xpath: //p[@class ='price']], [[ChromeDriver: chrome on windows (c5b29c44c034a1c3a5097526ffcbe4c4)] -> xpath: //p[@class ='price']]]
2023-12-19 12:12:275 INFO  HomePage :99 - Hovering mouse and clicking on Laptops and Notebooks tab : [[ChromeDriver: chrome on windows (25da70b4e06ab9d47e146bd7c5debaf3)] -> xpath: //a[normalize-space()='Laptops & Notebooks']]
2023-12-19 12:12:979 INFO  HomePage :82 - Hovering mouse and Clicking on show all Laptops and Notebooks : [[ChromeDriver: chrome on windows (25da70b4e06ab9d47e146bd7c5debaf3)] -> xpath: //a[normalize-space()='Show AllLaptops & Notebooks']]
2023-12-19 12:12:97 INFO  LaptopAndNoteBookPage :54 - Clicking on SortBy filter drop down : [[ChromeDriver: chrome on windows (25da70b4e06ab9d47e146bd7c5debaf3)] -> id: input-sort]
2023-12-19 12:12:539 INFO  LaptopAndNoteBookPage :58 - Selecting sort by Price(High>Low) option : [[ChromeDriver: chrome on windows (25da70b4e06ab9d47e146bd7c5debaf3)] -> id: input-sort]
2023-12-19 12:12:425 INFO  LaptopAndNoteBookPage :87 - Clicking on MacBook product link : [[ChromeDriver: chrome on windows (25da70b4e06ab9d47e146bd7c5debaf3)] -> link text: MacBook]
2023-12-19 12:12:448 INFO  MacBookPage :31 - Getting text from macbook page : [[ChromeDriver: chrome on windows (25da70b4e06ab9d47e146bd7c5debaf3)] -> xpath: //h1[contains(text(),'MacBook')]]
2023-12-19 12:12:538 INFO  MacBookPage :37 - Clicking on add to cart : [[ChromeDriver: chrome on windows (25da70b4e06ab9d47e146bd7c5debaf3)] -> xpath: //button[@id='button-cart']]
2023-12-19 12:12:758 INFO  MacBookPage :41 - Checking for product added to cart successfully : [[ChromeDriver: chrome on windows (25da70b4e06ab9d47e146bd7c5debaf3)] -> css selector: body:nth-child(2) div.container:nth-child(4) > div.alert.alert-success.alert-dismissible]
2023-12-19 12:12:137 INFO  MacBookPage :47 - Clicking on shopping cart : [[ChromeDriver: chrome on windows (25da70b4e06ab9d47e146bd7c5debaf3)] -> xpath: //div[@class='alert alert-success alert-dismissible']/a[2]]
2023-12-19 12:12:163 INFO  ShoppingCartPage :51 - Checking for shopping cart text : [[ChromeDriver: chrome on windows (25da70b4e06ab9d47e146bd7c5debaf3)] -> xpath: //div[@id='content']//h1]
2023-12-19 12:12:181 INFO  ShoppingCartPage :56 - Getting product name text in shopping cart : [[ChromeDriver: chrome on windows (25da70b4e06ab9d47e146bd7c5debaf3)] -> xpath: //div[@class = 'table-responsive']/table/tbody/tr/td[2]/a]
2023-12-19 12:12:322 INFO  ShoppingCartPage :78 - Sending quantity to quantity box in shopping cart : [[ChromeDriver: chrome on windows (25da70b4e06ab9d47e146bd7c5debaf3)] -> xpath: //div[@class='input-group btn-block']/input[@type='text']]
2023-12-19 12:12:854 INFO  ShoppingCartPage :83 - Clicking on refresh button : [[ChromeDriver: chrome on windows (25da70b4e06ab9d47e146bd7c5debaf3)] -> xpath: //i[@class = 'fa fa-refresh']]
2023-12-19 12:12:911 INFO  ShoppingCartPage :87 - Checking for success message after refreshing the product : [[ChromeDriver: chrome on windows (25da70b4e06ab9d47e146bd7c5debaf3)] -> xpath: //div[@id='checkout-cart']/div[1]]
2023-12-19 12:12:941 INFO  ShoppingCartPage :71 - Getting total amount in shopping cart : [[ChromeDriver: chrome on windows (25da70b4e06ab9d47e146bd7c5debaf3)] -> xpath: //div[@class = 'table-responsive']/table/tbody/tr/td[6]]
2023-12-19 12:12:416 INFO  ShoppingCartPage :93 - Clicking on logout button : Proxy element for: DefaultElementLocator 'By.xpath: //i[@class = 'fa fa-refresh']'
2023-12-19 12:12:442 INFO  CheckOutPage :87 - Getting text from checkout page : [[ChromeDriver: chrome on windows (25da70b4e06ab9d47e146bd7c5debaf3)] -> xpath: //h1[contains(text(),'Checkout')]]
2023-12-19 12:12:465 INFO  CheckOutPage :92 - Getting New Customer text : [[ChromeDriver: chrome on windows (25da70b4e06ab9d47e146bd7c5debaf3)] -> xpath: //h2[contains(text(),'New Customer')]]
2023-12-19 12:12:544 INFO  CheckOutPage :98 - Clicking on Guest checkout radio button : [[ChromeDriver: chrome on windows (25da70b4e06ab9d47e146bd7c5debaf3)] -> xpath: //div[@id='checkout-checkout']//input[@value='guest']]
2023-12-19 12:12:608 INFO  CheckOutPage :103 - Clicking on continue button : [[ChromeDriver: chrome on windows (25da70b4e06ab9d47e146bd7c5debaf3)] -> xpath: //input[@id='button-account']]
2023-12-19 12:12:377 INFO  CheckOutPage :118 - Sending firstname to billing details : [[ChromeDriver: chrome on windows (25da70b4e06ab9d47e146bd7c5debaf3)] -> id: input-payment-firstname]
2023-12-19 12:12:467 INFO  CheckOutPage :123 - Sending lastname to billing details : [[ChromeDriver: chrome on windows (25da70b4e06ab9d47e146bd7c5debaf3)] -> id: input-payment-lastname]
2023-12-19 12:12:593 INFO  CheckOutPage :128 - Sending email to billing details : [[ChromeDriver: chrome on windows (25da70b4e06ab9d47e146bd7c5debaf3)] -> id: input-payment-email]
2023-12-19 12:12:691 INFO  CheckOutPage :133 - Sending telephone to billing details : [[ChromeDriver: chrome on windows (25da70b4e06ab9d47e146bd7c5debaf3)] -> id: input-payment-telephone]
2023-12-19 12:12:744 INFO  CheckOutPage :138 - Sending address to billing details : [[ChromeDriver: chrome on windows (25da70b4e06ab9d47e146bd7c5debaf3)] -> id: input-payment-address-1]
2023-12-19 12:12:790 INFO  CheckOutPage :143 - Sending city to billing details : [[ChromeDriver: chrome on windows (25da70b4e06ab9d47e146bd7c5debaf3)] -> id: input-payment-city]
2023-12-19 12:12:836 INFO  CheckOutPage :148 - Sending postcode to billing details : [[ChromeDriver: chrome on windows (25da70b4e06ab9d47e146bd7c5debaf3)] -> id: input-payment-postcode]
2023-12-19 12:12:62 INFO  HomePage :122 - Clicking on My Accounts Tab : [[ChromeDriver: chrome on windows (b65f5e2d88fba9d6bb117a884343bfcb)] -> xpath: //span[contains(text(),'My Account')]]
2023-12-19 12:12:80 INFO  HomePage :122 - Clicking on My Accounts Tab : [[ChromeDriver: chrome on windows (2bb175e0c32ced9fdfe5d6f8ee852248)] -> xpath: //span[contains(text(),'My Account')]]
2023-12-19 12:12:473 INFO  HomePage :131 - Getting text from Login Account : [[ChromeDriver: chrome on windows (2bb175e0c32ced9fdfe5d6f8ee852248)] -> xpath: //h2[contains(text(),'Returning Customer')]]
2023-12-19 12:12:01 INFO  HomePage :122 - Clicking on My Accounts Tab : [[ChromeDriver: chrome on windows (4f3e5945e678618add5fab8f009914dd)] -> xpath: //span[contains(text(),'My Account')]]
2023-12-19 12:12:284 INFO  HomePage :122 - Clicking on My Accounts Tab : [[ChromeDriver: chrome on windows (ce9f8e9cd6702c27e46e4ebb368eb480)] -> xpath: //span[contains(text(),'My Account')]]
2023-12-19 12:12:767 INFO  LoginPage :28 - Sending email to login page: [[ChromeDriver: chrome on windows (ce9f8e9cd6702c27e46e4ebb368eb480)] -> name: email]
2023-12-19 12:12:833 INFO  LoginPage :33 - Sending password to login page: [[ChromeDriver: chrome on windows (ce9f8e9cd6702c27e46e4ebb368eb480)] -> name: password]
2023-12-19 12:12:402 INFO  LoginPage :38 - Clicking on login button: [[ChromeDriver: chrome on windows (ce9f8e9cd6702c27e46e4ebb368eb480)] -> xpath: //input[@value='Login']]
2023-12-19 12:12:459 INFO  AccountPage :55 - Getting text from my account : [[ChromeDriver: chrome on windows (ce9f8e9cd6702c27e46e4ebb368eb480)] -> xpath: //div[@id='content']/h2[text()='My Account']]
2023-12-19 12:12:555 INFO  AccountPage :46 - Clicking on My Account link : [[ChromeDriver: chrome on windows (ce9f8e9cd6702c27e46e4ebb368eb480)] -> xpath: //a[@title='My Account']]
2023-12-19 12:12:211 INFO  LogoutPage :19 - Getting text from logout page : [[ChromeDriver: chrome on windows (ce9f8e9cd6702c27e46e4ebb368eb480)] -> xpath: //h1[contains(text(),'Account Logout')]]
2023-12-19 12:12:239 INFO  AccountCreationPage :29 - Clicking on continue after account button [[ChromeDriver: chrome on windows (ce9f8e9cd6702c27e46e4ebb368eb480)] -> xpath: //a[text()='Continue']]
2023-12-19 12:12:21 INFO  HomePage :94 - Hovering mouse and clicking on Desktops tab : [[ChromeDriver: chrome on windows (08f56b887d95606ae6f04ec8c89210d6)] -> xpath: //a[@class='dropdown-toggle'][normalize-space()='Desktops']]
2023-12-19 12:12:806 INFO  HomePage :78 - Hovering mouse and Clicking on show all desktops : [[ChromeDriver: chrome on windows (08f56b887d95606ae6f04ec8c89210d6)] -> xpath: //a[normalize-space()='Show AllDesktops']]
2023-12-19 12:12:821 INFO  DesktopPage :37 - Getting text from desktops page : [[ChromeDriver: chrome on windows (08f56b887d95606ae6f04ec8c89210d6)] -> xpath: //h2[contains(text(),'Desktops')]]
2023-12-19 12:12:45 INFO  HomePage :99 - Hovering mouse and clicking on Laptops and Notebooks tab : [[ChromeDriver: chrome on windows (d862930d13fdd62b97bda5d026f46258)] -> xpath: //a[normalize-space()='Laptops & Notebooks']]
2023-12-19 12:12:672 INFO  HomePage :82 - Hovering mouse and Clicking on show all Laptops and Notebooks : [[ChromeDriver: chrome on windows (d862930d13fdd62b97bda5d026f46258)] -> xpath: //a[normalize-space()='Show AllLaptops & Notebooks']]
2023-12-19 12:12:698 INFO  LaptopAndNoteBookPage :35 - Getting text from Laptops and Notebooks page : [[ChromeDriver: chrome on windows (d862930d13fdd62b97bda5d026f46258)] -> xpath: //h2[contains(text(),'Laptops & Notebooks')]]
2023-12-19 12:12:176 INFO  HomePage :104 - Hovering mouse and clicking on Components tab : [[ChromeDriver: chrome on windows (59f5bf0a59ede1481a11d355e4f5dd63)] -> xpath: //a[normalize-space()='Components']]
2023-12-19 12:12:790 INFO  HomePage :86 - Hovering mouse and Clicking on show all Components : [[ChromeDriver: chrome on windows (59f5bf0a59ede1481a11d355e4f5dd63)] -> xpath: //a[normalize-space()='Components']]
2023-12-19 12:12:810 INFO  ComponentsPage :19 - Getting text from components page : [[ChromeDriver: chrome on windows (59f5bf0a59ede1481a11d355e4f5dd63)] -> xpath: //h2[contains(text(),'Components')]]
